<?xml version="1.0" encoding="UTF-8" ?>
<testsuite failures="0" time="0.035" errors="0" skipped="0" tests="18" name="com.hireme.bowling.TestScoreCard">
  <properties>
[...]
</properties>
  <testcase time="0.01" classname="com.hireme.bowling.TestScoreCard" name="testScoreCard[0]"/>
  <testcase time="0" classname="com.hireme.bowling.TestScoreCard" name="testScoreCard[1]"/>
  <testcase time="0" classname="com.hireme.bowling.TestScoreCard" name="testScoreCard[2]"/>
  <testcase time="0.001" classname="com.hireme.bowling.TestScoreCard" name="testScoreCard[3]"/>
  <testcase time="0" classname="com.hireme.bowling.TestScoreCard" name="testScoreCard[4]"/>
  <testcase time="0.001" classname="com.hireme.bowling.TestScoreCard" name="testScoreCard[5]"/>
  <testcase time="0.001" classname="com.hireme.bowling.TestScoreCard" name="testScoreCard[6]"/>
  <testcase time="0" classname="com.hireme.bowling.TestScoreCard" name="testScoreCard[7]"/>
  <testcase time="0" classname="com.hireme.bowling.TestScoreCard" name="testScoreCard[8]"/>
  <testcase time="0" classname="com.hireme.bowling.TestScoreCard" name="testScoreCard[9]"/>
  <testcase time="0.001" classname="com.hireme.bowling.TestScoreCard" name="testScoreCard[10]"/>
  <testcase time="0.001" classname="com.hireme.bowling.TestScoreCard" name="testScoreCard[11]"/>
  <testcase time="0" classname="com.hireme.bowling.TestScoreCard" name="testScoreCard[12]"/>
  <testcase time="0" classname="com.hireme.bowling.TestScoreCard" name="testScoreCard[13]"/>
  <testcase time="0" classname="com.hireme.bowling.TestScoreCard" name="testScoreCard[14]"/>
  <testcase time="0.001" classname="com.hireme.bowling.TestScoreCard" name="testScoreCard[15]"/>
  <testcase time="0.001" classname="com.hireme.bowling.TestScoreCard" name="testScoreCard[16]"/>
  <testcase time="0.001" classname="com.hireme.bowling.TestScoreCard" name="testScoreCard[17]"/>
</testsuite>